DEBUG: parsing  RPM_Leader
DEBUG: Package name: dracut-029-2.fc19
DEBUG: Package format: SOURCE
DEBUG: looking for RPM header
DEBUG: Header version:  0
DEBUG: Header data bytes:  1156
DEBUG: Header indexes:  7
DEBUG: parsing rpmhdrindex
DEBUG: index: RPMTAG_HEADERSIGNATURES
DEBUG: format: RPM_BIN_TYPE
DEBUG: Number of data items:  16
DEBUG: Data offset:  1140
DEBUG: index: RPMSIGTAG_RSA
DEBUG: format: RPM_BIN_TYPE
DEBUG: Number of data items:  536
DEBUG: Data offset:  0
DEBUG: index: RPMSIGTAG_SHA1
DEBUG: format: RPM_STRING_TYPE
DEBUG: Number of data items:  1
DEBUG: Data offset:  536
DEBUG: index: RPMTAG_NAME
DEBUG: format: RPM_INT32_TYPE
DEBUG: Number of data items:  1
DEBUG: Data offset:  580
DEBUG: index: RPMTAG_RELEASE
DEBUG: format: RPM_BIN_TYPE
DEBUG: Number of data items:  536
DEBUG: Data offset:  584
DEBUG: index: RPMTAG_SUMMARY
DEBUG: format: RPM_BIN_TYPE
DEBUG: Number of data items:  16
DEBUG: Data offset:  1120
DEBUG: index: RPMTAG_BUILDHOST
DEBUG: format: RPM_INT32_TYPE
DEBUG: Number of data items:  1
DEBUG: Data offset:  1136
DEBUG: looking for RPM header
DEBUG: Header version:  0
DEBUG: Header data bytes:  28625
DEBUG: Header indexes:  48
DEBUG: parsing rpmhdrindex
DEBUG: index: RPMTAG_HEADERIMMUTABLE
DEBUG: format: RPM_BIN_TYPE
DEBUG: Number of data items:  16
DEBUG: Data offset:  28609
DEBUG: index: RPMTAG_HEADERI18NTABLE
DEBUG: format: RPM_STRING_ARRAY_TYPE
DEBUG: Number of data items:  1
DEBUG: Data offset:  0
DEBUG: index: RPMTAG_NAME
DEBUG: format: RPM_STRING_TYPE
DEBUG: Number of data items:  1
DEBUG: Data offset:  2
DEBUG: index: RPMTAG_VERSION
DEBUG: format: RPM_STRING_TYPE
DEBUG: Number of data items:  1
DEBUG: Data offset:  9
DEBUG: index: RPMTAG_RELEASE
DEBUG: format: RPM_STRING_TYPE
DEBUG: Number of data items:  1
DEBUG: Data offset:  13
DEBUG: index: RPMTAG_SUMMARY
DEBUG: format: RPM_I18NSTRING_TYPE
DEBUG: Number of data items:  1
DEBUG: Data offset:  20
DEBUG: index: RPMTAG_DESCRIPTION
DEBUG: format: RPM_I18NSTRING_TYPE
DEBUG: Number of data items:  1
DEBUG: Data offset:  51
DEBUG: index: RPMTAG_BUILDTIME
DEBUG: format: RPM_INT32_TYPE
DEBUG: Number of data items:  1
DEBUG: Data offset:  412
DEBUG: index: RPMTAG_BUILDHOST
DEBUG: format: RPM_STRING_TYPE
DEBUG: Number of data items:  1
DEBUG: Data offset:  416
DEBUG: index: RPMTAG_SIZE
DEBUG: format: RPM_INT32_TYPE
DEBUG: Number of data items:  1
DEBUG: Data offset:  452
DEBUG: index: RPMTAG_DISTRIBUTION
DEBUG: format: RPM_STRING_TYPE
DEBUG: Number of data items:  1
DEBUG: Data offset:  456
DEBUG: index: RPMTAG_VENDOR
DEBUG: format: RPM_STRING_TYPE
DEBUG: Number of data items:  1
DEBUG: Data offset:  471
DEBUG: index: RPMTAG_LICENSE
DEBUG: format: RPM_STRING_TYPE
DEBUG: Number of data items:  1
DEBUG: Data offset:  486
DEBUG: index: RPMTAG_PACKAGER
DEBUG: format: RPM_STRING_TYPE
DEBUG: Number of data items:  1
DEBUG: Data offset:  507
DEBUG: index: RPMTAG_GROUP
DEBUG: format: RPM_I18NSTRING_TYPE
DEBUG: Number of data items:  1
DEBUG: Data offset:  522
DEBUG: index: RPMTAG_SOURCE
DEBUG: format: RPM_STRING_ARRAY_TYPE
DEBUG: Number of data items:  1
DEBUG: Data offset:  546
DEBUG: index: RPMTAG_PATCH
DEBUG: format: RPM_STRING_ARRAY_TYPE
DEBUG: Number of data items:  1
DEBUG: Data offset:  565
DEBUG: index: RPMTAG_URL
DEBUG: format: RPM_STRING_TYPE
DEBUG: Number of data items:  1
DEBUG: Data offset:  608
DEBUG: index: RPMTAG_OS
DEBUG: format: RPM_STRING_TYPE
DEBUG: Number of data items:  1
DEBUG: Data offset:  640
DEBUG: index: RPMTAG_ARCH
DEBUG: format: RPM_STRING_TYPE
DEBUG: Number of data items:  1
DEBUG: Data offset:  646
DEBUG: index: RPMTAG_FILESIZES
DEBUG: format: RPM_INT32_TYPE
DEBUG: Number of data items:  3
DEBUG: Data offset:  656
DEBUG: index: RPMTAG_FILEMODES
DEBUG: format: RPM_INT16_TYPE
DEBUG: Number of data items:  3
DEBUG: Data offset:  668
DEBUG: index: RPMTAG_FILERDEVS
DEBUG: format: RPM_INT16_TYPE
DEBUG: Number of data items:  3
DEBUG: Data offset:  674
DEBUG: index: RPMTAG_FILEMTIMES
DEBUG: format: RPM_INT32_TYPE
DEBUG: Number of data items:  3
DEBUG: Data offset:  680
DEBUG: index: RPMTAG_FILEDIGESTS
DEBUG: format: RPM_STRING_ARRAY_TYPE
DEBUG: Number of data items:  3
DEBUG: Data offset:  692
DEBUG: index: RPMTAG_FILELINKTOS
DEBUG: format: RPM_STRING_ARRAY_TYPE
DEBUG: Number of data items:  3
DEBUG: Data offset:  887
DEBUG: index: RPMTAG_FILEFLAGS
DEBUG: format: RPM_INT32_TYPE
DEBUG: Number of data items:  3
DEBUG: Data offset:  892
DEBUG: index: RPMTAG_FILEUSERNAME
DEBUG: format: RPM_STRING_ARRAY_TYPE
DEBUG: Number of data items:  3
DEBUG: Data offset:  904
DEBUG: index: RPMTAG_FILEGROUPNAME
DEBUG: format: RPM_STRING_ARRAY_TYPE
DEBUG: Number of data items:  3
DEBUG: Data offset:  934
DEBUG: index: RPMTAG_FILEVERIFYFLAGS
DEBUG: format: RPM_INT32_TYPE
DEBUG: Number of data items:  3
DEBUG: Data offset:  964
DEBUG: index: RPMTAG_REQUIREFLAGS
DEBUG: format: RPM_INT32_TYPE
DEBUG: Number of data items:  11
DEBUG: Data offset:  976
DEBUG: index: RPMTAG_REQUIRENAME
DEBUG: format: RPM_STRING_ARRAY_TYPE
DEBUG: Number of data items:  11
DEBUG: Data offset:  1020
DEBUG: index: RPMTAG_REQUIREVERSION
DEBUG: format: RPM_STRING_ARRAY_TYPE
DEBUG: Number of data items:  11
DEBUG: Data offset:  1165
DEBUG: index: RPMTAG_RPMVERSION
DEBUG: format: RPM_STRING_TYPE
DEBUG: Number of data items:  1
DEBUG: Data offset:  1190
DEBUG: index: RPMTAG_CHANGELOGTIME
DEBUG: format: RPM_INT32_TYPE
DEBUG: Number of data items:  212
DEBUG: Data offset:  1200
DEBUG: index: RPMTAG_CHANGELOGNAME
DEBUG: format: RPM_STRING_ARRAY_TYPE
DEBUG: Number of data items:  212
DEBUG: Data offset:  2048
DEBUG: index: RPMTAG_CHANGELOGTEXT
DEBUG: format: RPM_STRING_ARRAY_TYPE
DEBUG: Number of data items:  212
DEBUG: Data offset:  11590
DEBUG: index: RPMTAG_FILEDEVICES
DEBUG: format: RPM_INT32_TYPE
DEBUG: Number of data items:  3
DEBUG: Data offset:  28432
DEBUG: index: RPMTAG_FILEINODES
DEBUG: format: RPM_INT32_TYPE
DEBUG: Number of data items:  3
DEBUG: Data offset:  28444
DEBUG: index: RPMTAG_FILELANGS
DEBUG: format: RPM_STRING_ARRAY_TYPE
DEBUG: Number of data items:  3
DEBUG: Data offset:  28456
DEBUG: index: RPMTAG_DIRINDEXES
DEBUG: format: RPM_INT32_TYPE
DEBUG: Number of data items:  3
DEBUG: Data offset:  28460
DEBUG: index: RPMTAG_BASENAMES
DEBUG: format: RPM_STRING_ARRAY_TYPE
DEBUG: Number of data items:  3
DEBUG: Data offset:  28472
DEBUG: index: RPMTAG_DIRNAMES
DEBUG: format: RPM_STRING_ARRAY_TYPE
DEBUG: Number of data items:  1
DEBUG: Data offset:  28546
DEBUG: index: RPMTAG_PAYLOADFORMAT
DEBUG: format: RPM_STRING_TYPE
DEBUG: Number of data items:  1
DEBUG: Data offset:  28547
DEBUG: index: RPMTAG_PAYLOADCOMPRESSOR
DEBUG: format: RPM_STRING_TYPE
DEBUG: Number of data items:  1
DEBUG: Data offset:  28552
DEBUG: index: RPMTAG_PAYLOADFLAGS
DEBUG: format: RPM_STRING_TYPE
DEBUG: Number of data items:  1
DEBUG: Data offset:  28557
DEBUG: index: RPMTAG_FILEDIGESTALGO
DEBUG: format: RPM_INT32_TYPE
DEBUG: Number of data items:  1
DEBUG: Data offset:  28560
DEBUG: index: RPMTAG_COOKIE
DEBUG: format: RPM_STRING_TYPE
DEBUG: Number of data items:  1
DEBUG: Data offset:  28564
